0000000000000000 T __code_start
0000000000000000 0000000000000004 b g_fsPriority
0000000000000000 T _start
0000000000000000 A __start__
0000000000000000 b _TLS_MODULE_BASE_
0000000000000004 0000000000000004 b fsdev_last_result
0000000000000008 0000000000000401 B __nx_dev_path_buf
0000000000000080 t startup
00000000000000a4 t bssclr_start
00000000000000cc t bss_loop
0000000000000120 T __nx_exit
0000000000000130 T __nx_mod0
0000000000000158 T _init
00000000000001c0 000000000000000c T abort
00000000000001d0 0000000000000038 T exit
0000000000000210 0000000000000124 T main
0000000000000340 0000000000000204 t _GLOBAL__sub_I___nx_applet_type
0000000000000550 000000000000002c t _GLOBAL__sub_I__ZN6fspusb4impl18g_usb_manager_lockE
0000000000000580 0000000000000018 t global constructors keyed to 65535_0_libstratosphere.a_0x1c53e.11270
0000000000000598 t deregister_tm_clones
00000000000005c8 t register_tm_clones
0000000000000608 t __do_global_dtors_aux
0000000000000650 t frame_dummy
0000000000000690 0000000000000004 W ams::sf::hipc::ServerSessionManager::GetSessionManagerByTag(unsigned int)
00000000000006a0 0000000000000004 W ams::sf::impl::HipcCommandProcessorCommon::SetImplementationProcessor(ams::sf::cmif::ServerMessageProcessor*)
00000000000006b0 0000000000000028 W ams::sf::impl::HipcCommandProcessorCommon::PrepareForErrorReply(ams::sf::cmif::ServiceDispatchContext const&, ams::sf::cmif::PointerAndSize&, ams::sf::cmif::ServerMessageRuntimeMetadata)
00000000000006e0 0000000000000008 W ams::sf::impl::HipcCommandProcessorCommon::GetInObjects(ams::sf::cmif::ServiceObjectHolder*) const
00000000000006f0 00000000000000ec W ams::Result ams::sf::impl::InvokeServiceCommandImpl<&fspusb::Service::TestResult>(CmifOutHeader**, ams::sf::cmif::ServiceDispatchContext&, ams::sf::cmif::PointerAndSize const&)
00000000000007e0 0000000000000004 W fspusb::Service::~Service()
00000000000007e0 0000000000000004 W fspusb::Service::~Service()
00000000000007f0 0000000000000004 W std::_Sp_counted_ptr_inplace<fspusb::Service, std::allocator<fspusb::Service>, (__gnu_cxx::_Lock_policy)2>::~_Sp_counted_ptr_inplace()
00000000000007f0 0000000000000004 W std::_Sp_counted_ptr_inplace<fspusb::Service, std::allocator<fspusb::Service>, (__gnu_cxx::_Lock_policy)2>::~_Sp_counted_ptr_inplace()
0000000000000800 0000000000000014 W std::_Sp_counted_ptr_inplace<fspusb::Service, std::allocator<fspusb::Service>, (__gnu_cxx::_Lock_policy)2>::_M_dispose()
0000000000000820 0000000000000008 W ams::sf::impl::HipcCommandProcessor<ams::sf::impl::CommandMetaInfo<&fspusb::Service::TestResult> >::GetRuntimeMetadata() const
0000000000000830 0000000000000058 W ams::sf::impl::HipcCommandProcessor<ams::sf::impl::CommandMetaInfo<&fspusb::Service::TestResult> >::PrepareForProcess(ams::sf::cmif::ServiceDispatchContext const&, ams::sf::cmif::ServerMessageRuntimeMetadata) const
0000000000000890 000000000000009c W ams::sf::impl::HipcCommandProcessor<ams::sf::impl::CommandMetaInfo<&fspusb::Service::TestResult> >::PrepareForReply(ams::sf::cmif::ServiceDispatchContext const&, ams::sf::cmif::PointerAndSize&, ams::sf::cmif::ServerMessageRuntimeMetadata)
0000000000000930 0000000000000004 W ams::sf::impl::HipcCommandProcessor<ams::sf::impl::CommandMetaInfo<&fspusb::Service::TestResult> >::SetOutObjects(ams::sf::cmif::ServiceDispatchContext const&, HipcRequest const&, ams::sf::cmif::ServiceObjectHolder*, ams::sf::cmif::DomainObjectId*)
0000000000000940 000000000000000c W ams::sf::impl::HipcCommandProcessor<ams::sf::impl::CommandMetaInfo<&fspusb::Service::GetAcquiredDriveCount> >::GetRuntimeMetadata() const
0000000000000950 0000000000000058 W ams::sf::impl::HipcCommandProcessor<ams::sf::impl::CommandMetaInfo<&fspusb::Service::GetAcquiredDriveCount> >::PrepareForProcess(ams::sf::cmif::ServiceDispatchContext const&, ams::sf::cmif::ServerMessageRuntimeMetadata) const
00000000000009b0 000000000000009c W ams::sf::impl::HipcCommandProcessor<ams::sf::impl::CommandMetaInfo<&fspusb::Service::GetAcquiredDriveCount> >::PrepareForReply(ams::sf::cmif::ServiceDispatchContext const&, ams::sf::cmif::PointerAndSize&, ams::sf::cmif::ServerMessageRuntimeMetadata)
0000000000000a50 0000000000000004 W ams::sf::impl::HipcCommandProcessor<ams::sf::impl::CommandMetaInfo<&fspusb::Service::GetAcquiredDriveCount> >::SetOutObjects(ams::sf::cmif::ServiceDispatchContext const&, HipcRequest const&, ams::sf::cmif::ServiceObjectHolder*, ams::sf::cmif::DomainObjectId*)
0000000000000a60 000000000000000c W ams::Result ams::sf::cmif::impl::ServiceDispatchTableBase::ProcessMessage<ams::sf::cmif::ServiceDispatchTable<ams::sf::cmif::ServiceCommandMeta, ams::sf::cmif::ServiceCommandMeta> const>(ams::sf::cmif::ServiceDispatchContext&, ams::sf::cmif::PointerAndSize const&) const
0000000000000a70 0000000000000120 W ams::Result ams::sf::impl::InvokeServiceCommandImpl<&fspusb::Service::GetAcquiredDriveCount>(CmifOutHeader**, ams::sf::cmif::ServiceDispatchContext&, ams::sf::cmif::PointerAndSize const&)
0000000000000b90 0000000000000008 W fspusb::Service::~Service()
0000000000000ba0 0000000000000008 W std::_Sp_counted_ptr_inplace<fspusb::Service, std::allocator<fspusb::Service>, (__gnu_cxx::_Lock_policy)2>::~_Sp_counted_ptr_inplace()
0000000000000bb0 0000000000000040 W std::_Sp_counted_ptr_inplace<fspusb::Service, std::allocator<fspusb::Service>, (__gnu_cxx::_Lock_policy)2>::_M_get_deleter(std::type_info const&)
0000000000000bf0 0000000000000004 W std::_Sp_counted_ptr_inplace<fspusb::Service, std::allocator<fspusb::Service>, (__gnu_cxx::_Lock_policy)2>::_M_destroy()
0000000000000c00 0000000000000040 t ams::sf::hipc::ServerManager<1ul, (anonymous namespace)::ServerOptions, 61ul>::GetSessionSavedMessageBuffer(ams::sf::hipc::ServerSession const*) const
0000000000000c40 0000000000000040 t ams::sf::hipc::ServerManager<1ul, (anonymous namespace)::ServerOptions, 61ul>::GetSessionPointerBuffer(ams::sf::hipc::ServerSession const*) const
0000000000000c80 0000000000000050 W ams::sf::hipc::ServerManagerBase::Server<fspusb::Service, &(std::shared_ptr<fspusb::Service> std::make_shared<fspusb::Service>())>::~Server()
0000000000000c80 0000000000000050 W ams::sf::hipc::ServerManagerBase::Server<fspusb::Service, &(std::shared_ptr<fspusb::Service> std::make_shared<fspusb::Service>())>::~Server()
0000000000000cd0 0000000000000074 t ams::sf::hipc::ServerManager<1ul, (anonymous namespace)::ServerOptions, 61ul>::FreeDomain(void*)
0000000000000d50 0000000000000094 t ams::sf::hipc::ServerManager<1ul, (anonymous namespace)::ServerOptions, 61ul>::AllocateDomain()
0000000000000df0 0000000000000054 t ams::sf::hipc::ServerManager<1ul, (anonymous namespace)::ServerOptions, 61ul>::AllocateServer()
0000000000000e50 0000000000000070 t ams::sf::hipc::ServerManager<1ul, (anonymous namespace)::ServerOptions, 61ul>::FreeSession(ams::sf::hipc::ServerSession*)
0000000000000ec0 0000000000000090 t ams::sf::hipc::ServerManager<1ul, (anonymous namespace)::ServerOptions, 61ul>::AllocateSession()
0000000000000f50 000000000000003c t _ZZN3ams2smL13DoWithSessionIZ9__appInitEUlvE_EEvT_ENUlPvE_4_FUNES4_
0000000000000f90 0000000000000098 t non-virtual thunk to ams::sf::hipc::ServerManager<1ul, (anonymous namespace)::ServerOptions, 61ul>::AllocateDomain()
0000000000001030 0000000000000078 t non-virtual thunk to ams::sf::hipc::ServerManager<1ul, (anonymous namespace)::ServerOptions, 61ul>::FreeDomain(void*)
00000000000010b0 000000000000017c t ams::sf::hipc::ServerManager<1ul, (anonymous namespace)::ServerOptions, 61ul>::~ServerManager()
00000000000010b0 000000000000017c t ams::sf::hipc::ServerManager<1ul, (anonymous namespace)::ServerOptions, 61ul>::~ServerManager()
0000000000001230 000000000000005c W ams::sf::hipc::ServerManagerBase::Server<fspusb::Service, &(std::shared_ptr<fspusb::Service> std::make_shared<fspusb::Service>())>::~Server()
0000000000001290 00000000000000c4 t ams::sf::hipc::ServerManager<1ul, (anonymous namespace)::ServerOptions, 61ul>::DestroyServer(ams::sf::hipc::ServerManagerBase::ServerBase*)
0000000000001360 0000000000000228 W ams::sf::hipc::ServerManagerBase::Server<fspusb::Service, &(std::shared_ptr<fspusb::Service> std::make_shared<fspusb::Service>())>::CreateSessionObjectHolder(ams::sf::cmif::ServiceObjectHolder*, std::shared_ptr<Service>*) const
0000000000001590 0000000000000004 T __libnx_exception_handler
00000000000015a0 0000000000000030 T __libnx_initheap
00000000000015d0 0000000000000060 T __appInit
0000000000001630 0000000000000018 T __appExit
0000000000001650 0000000000000008 T disk_status
0000000000001660 0000000000000008 T disk_initialize
0000000000001670 0000000000000094 T disk_read
0000000000001710 0000000000000094 T disk_write
00000000000017b0 0000000000000048 T fspusb::impl::SCSIInquiryCommand::ProduceBuffer()
0000000000001800 0000000000000040 T fspusb::impl::SCSITestUnitReadyCommand::ProduceBuffer()
0000000000001840 0000000000000040 T fspusb::impl::SCSIReadCapacityCommand::ProduceBuffer()
0000000000001880 0000000000000058 T fspusb::impl::SCSIRead10Command::ProduceBuffer()
00000000000018e0 0000000000000058 T fspusb::impl::SCSIWrite10Command::ProduceBuffer()
0000000000001940 00000000000000c4 T fspusb::impl::SCSIDevice::AllocateBuffers()
0000000000001a10 0000000000000010 T fspusb::impl::SCSIDevice::SCSIDevice(UsbHsClientIfSession*, UsbHsClientEpSession*, UsbHsClientEpSession*)
0000000000001a10 0000000000000010 T fspusb::impl::SCSIDevice::SCSIDevice(UsbHsClientIfSession*, UsbHsClientEpSession*, UsbHsClientEpSession*)
0000000000001a20 0000000000000054 T fspusb::impl::SCSIDevice::FreeBuffers()
0000000000001a80 0000000000000004 T fspusb::impl::SCSIDevice::~SCSIDevice()
0000000000001a80 0000000000000004 T fspusb::impl::SCSIDevice::~SCSIDevice()
0000000000001a90 0000000000000038 T fspusb::impl::SCSIDevice::ReadStatus()
0000000000001ad0 0000000000000084 T fspusb::impl::SCSIDevice::PushCommand(fspusb::impl::SCSICommand&)
0000000000001b60 0000000000000110 T fspusb::impl::SCSIDevice::TransferCommand(fspusb::impl::SCSICommand&, unsigned char*, unsigned long)
0000000000001c70 0000000000000010 T fspusb::impl::SCSIBlock::GetPartition(unsigned int)
0000000000001c80 000000000000007c T fspusb::impl::SCSIBlock::ReadSectors(unsigned char*, unsigned int, unsigned int)
0000000000001d00 0000000000000020 T fspusb::impl::SCSIBlockPartition::ReadSectors(unsigned char*, unsigned int, unsigned int)
0000000000001d20 0000000000000188 T fspusb::impl::SCSIBlock::SCSIBlock(fspusb::impl::SCSIDevice*)
0000000000001d20 0000000000000188 T fspusb::impl::SCSIBlock::SCSIBlock(fspusb::impl::SCSIDevice*)
0000000000001eb0 000000000000007c T fspusb::impl::SCSIBlock::WriteSectors(unsigned char const*, unsigned int, unsigned int)
0000000000001f30 0000000000000020 T fspusb::impl::SCSIBlockPartition::WriteSectors(unsigned char const*, unsigned int, unsigned int)
0000000000001f50 00000000000000a4 T fspusb::impl::Drive::Drive(UsbHsClientIfSession, UsbHsClientEpSession, UsbHsClientEpSession)
0000000000001f50 00000000000000a4 T fspusb::impl::Drive::Drive(UsbHsClientIfSession, UsbHsClientEpSession, UsbHsClientEpSession)
0000000000002000 00000000000000a8 T fspusb::impl::Drive::Mount(unsigned int)
00000000000020b0 000000000000005c T fspusb::impl::Drive::Unmount()
0000000000002110 0000000000000054 T fspusb::impl::Drive::Dispose()
0000000000002170 0000000000000064 W std::vector<std::unique_ptr<fspusb::impl::Drive, std::default_delete<fspusb::impl::Drive> >, std::allocator<std::unique_ptr<fspusb::impl::Drive, std::default_delete<fspusb::impl::Drive> > > >::~vector()
0000000000002170 0000000000000064 W std::vector<std::unique_ptr<fspusb::impl::Drive, std::default_delete<fspusb::impl::Drive> >, std::allocator<std::unique_ptr<fspusb::impl::Drive, std::default_delete<fspusb::impl::Drive> > > >::~vector()
00000000000021e0 00000000000000a8 T fspusb::impl::InitializeManager()
0000000000002290 00000000000000dc T fspusb::impl::FinalizeManager()
0000000000002370 000000000000004c T fspusb::impl::GetAcquiredDriveCount()
00000000000023c0 0000000000000150 W void std::vector<std::unique_ptr<fspusb::impl::Drive, std::default_delete<fspusb::impl::Drive> >, std::allocator<std::unique_ptr<fspusb::impl::Drive, std::default_delete<fspusb::impl::Drive> > > >::_M_realloc_insert<std::unique_ptr<fspusb::impl::Drive, std::default_delete<fspusb::impl::Drive> > >(__gnu_cxx::__normal_iterator<std::unique_ptr<fspusb::impl::Drive, std::default_delete<fspusb::impl::Drive> >*, std::vector<std::unique_ptr<fspusb::impl::Drive, std::default_delete<fspusb::impl::Drive> >, std::allocator<std::unique_ptr<fspusb::impl::Drive, std::default_delete<fspusb::impl::Drive> > > > >, std::unique_ptr<fspusb::impl::Drive, std::default_delete<fspusb::impl::Drive> >&&)
0000000000002510 000000000000005c W std::unique_ptr<fspusb::impl::Drive, std::default_delete<fspusb::impl::Drive> >& std::vector<std::unique_ptr<fspusb::impl::Drive, std::default_delete<fspusb::impl::Drive> >, std::allocator<std::unique_ptr<fspusb::impl::Drive, std::default_delete<fspusb::impl::Drive> > > >::emplace_back<std::unique_ptr<fspusb::impl::Drive, std::default_delete<fspusb::impl::Drive> > >(std::unique_ptr<fspusb::impl::Drive, std::default_delete<fspusb::impl::Drive> >&&)
0000000000002570 000000000000048c T fspusb::impl::UpdateLoop()
0000000000002a00 0000000000000028 T fspusb::impl::ManagerUpdateThread(void*)
0000000000002a30 0000000000000028 t ld_qword
0000000000002a60 0000000000000108 t get_ldnumber
0000000000002b70 000000000000008c t sync_window.part.0
0000000000002c00 0000000000000064 t move_window.part.0
0000000000002c70 000000000000012c t check_fs
0000000000002da0 00000000000006c0 t find_volume
0000000000003460 0000000000000084 T f_mount
00000000000034f0 0000000000000008 t ams::os::impl::WaitableHolderBase::GetWakeupTime() const
0000000000003500 0000000000000030 t ams::sf::cmif::DomainServiceObjectProcessor::PrepareForProcess(ams::sf::cmif::ServiceDispatchContext const&, ams::sf::cmif::ServerMessageRuntimeMetadata) const
0000000000003530 0000000000000028 t ams::sf::cmif::ServiceObjectHolder::ProcessMessage(ams::sf::cmif::ServiceDispatchContext&, ams::sf::cmif::PointerAndSize const&) const
0000000000003560 0000000000000004 t ams::sf::impl::HipcCommandProcessor<ams::sf::impl::CommandMetaInfo<&ams::sf::hipc::impl::HipcManager::CloneCurrentObject> >::SetOutObjects(ams::sf::cmif::ServiceDispatchContext const&, HipcRequest const&, ams::sf::cmif::ServiceObjectHolder*, ams::sf::cmif::DomainObjectId*)
0000000000003560 0000000000000004 t ams::sf::impl::HipcCommandProcessor<ams::sf::impl::CommandMetaInfo<&ams::sf::hipc::impl::HipcManager::CloneCurrentObjectEx> >::SetOutObjects(ams::sf::cmif::ServiceDispatchContext const&, HipcRequest const&, ams::sf::cmif::ServiceObjectHolder*, ams::sf::cmif::DomainObjectId*)
0000000000003560 0000000000000004 t ams::sf::impl::HipcCommandProcessor<ams::sf::impl::CommandMetaInfo<&ams::sf::hipc::impl::HipcManager::QueryPointerBufferSize> >::SetOutObjects(ams::sf::cmif::ServiceDispatchContext const&, HipcRequest const&, ams::sf::cmif::ServiceObjectHolder*, ams::sf::cmif::DomainObjectId*)
0000000000003570 0000000000000070 t ams::sf::impl::HipcCommandProcessor<ams::sf::impl::CommandMetaInfo<&ams::sf::hipc::impl::HipcManager::CloneCurrentObject> >::PrepareForReply(ams::sf::cmif::ServiceDispatchContext const&, ams::sf::cmif::PointerAndSize&, ams::sf::cmif::ServerMessageRuntimeMetadata)
0000000000003570 0000000000000070 t ams::sf::impl::HipcCommandProcessor<ams::sf::impl::CommandMetaInfo<&ams::sf::hipc::impl::HipcManager::CloneCurrentObjectEx> >::PrepareForReply(ams::sf::cmif::ServiceDispatchContext const&, ams::sf::cmif::PointerAndSize&, ams::sf::cmif::ServerMessageRuntimeMetadata)
00000000000035e0 0000000000000058 t ams::sf::impl::HipcCommandProcessor<ams::sf::impl::CommandMetaInfo<&ams::sf::hipc::impl::HipcManager::CloneCurrentObject> >::PrepareForProcess(ams::sf::cmif::ServiceDispatchContext const&, ams::sf::cmif::ServerMessageRuntimeMetadata) const
00000000000035e0 0000000000000058 t ams::sf::impl::HipcCommandProcessor<ams::sf::impl::CommandMetaInfo<&ams::sf::hipc::impl::HipcManager::CloneCurrentObjectEx> >::PrepareForProcess(ams::sf::cmif::ServiceDispatchContext const&, ams::sf::cmif::ServerMessageRuntimeMetadata) const
00000000000035e0 0000000000000058 t ams::sf::impl::HipcCommandProcessor<ams::sf::impl::CommandMetaInfo<&ams::sf::hipc::impl::HipcManager::QueryPointerBufferSize> >::PrepareForProcess(ams::sf::cmif::ServiceDispatchContext const&, ams::sf::cmif::ServerMessageRuntimeMetadata) const
0000000000003640 0000000000000008 t ams::sf::impl::HipcCommandProcessor<ams::sf::impl::CommandMetaInfo<&ams::sf::hipc::impl::HipcManager::CloneCurrentObject> >::GetRuntimeMetadata() const
0000000000003650 000000000000009c t ams::sf::impl::HipcCommandProcessor<ams::sf::impl::CommandMetaInfo<&ams::sf::hipc::impl::HipcManager::QueryPointerBufferSize> >::PrepareForReply(ams::sf::cmif::ServiceDispatchContext const&, ams::sf::cmif::PointerAndSize&, ams::sf::cmif::ServerMessageRuntimeMetadata)
00000000000036f0 000000000000000c t ams::sf::impl::HipcCommandProcessor<ams::sf::impl::CommandMetaInfo<&ams::sf::hipc::impl::HipcManager::QueryPointerBufferSize> >::GetRuntimeMetadata() const
0000000000003700 000000000000000c t ams::sf::impl::HipcCommandProcessor<ams::sf::impl::CommandMetaInfo<&ams::sf::hipc::impl::HipcManager::CloneCurrentObjectEx> >::GetRuntimeMetadata() const
0000000000003710 0000000000000008 t std::_Sp_counted_deleter<Service*, void (*)(Service*), std::allocator<void>, (__gnu_cxx::_Lock_policy)2>::_M_get_deleter(std::type_info const&)
0000000000003710 0000000000000008 t std::_Sp_counted_deleter<ams::sf::cmif::DomainServiceObject*, void (*)(ams::sf::cmif::DomainServiceObject*), std::allocator<void>, (__gnu_cxx::_Lock_policy)2>::_M_get_deleter(std::type_info const&)
0000000000003710 0000000000000008 t std::_Sp_counted_deleter<ams::sf::cmif::MitmDomainServiceObject*, void (*)(ams::sf::cmif::DomainServiceObject*), std::allocator<void>, (__gnu_cxx::_Lock_policy)2>::_M_get_deleter(std::type_info const&)
0000000000003710 0000000000000008 t std::_Sp_counted_deleter<ams::sf::hipc::impl::HipcManager*, void (*)(ams::sf::hipc::impl::HipcManager*), std::allocator<void>, (__gnu_cxx::_Lock_policy)2>::_M_get_deleter(std::type_info const&)
0000000000003720 000000000000000c t std::_Sp_counted_deleter<ams::sf::cmif::MitmDomainServiceObject*, void (*)(ams::sf::cmif::DomainServiceObject*), std::allocator<void>, (__gnu_cxx::_Lock_policy)2>::_M_dispose()
0000000000003730 0000000000000004 t std::_Sp_counted_deleter<Service*, void (*)(Service*), std::allocator<void>, (__gnu_cxx::_Lock_policy)2>::~_Sp_counted_deleter()
0000000000003730 0000000000000004 t std::_Sp_counted_deleter<Service*, void (*)(Service*), std::allocator<void>, (__gnu_cxx::_Lock_policy)2>::~_Sp_counted_deleter()
0000000000003730 0000000000000004 t std::_Sp_counted_deleter<ams::sf::cmif::DomainServiceObject*, void (*)(ams::sf::cmif::DomainServiceObject*), std::allocator<void>, (__gnu_cxx::_Lock_policy)2>::~_Sp_counted_deleter()
0000000000003730 0000000000000004 t std::_Sp_counted_deleter<ams::sf::cmif::MitmDomainServiceObject*, void (*)(ams::sf::cmif::DomainServiceObject*), std::allocator<void>, (__gnu_cxx::_Lock_policy)2>::~_Sp_counted_deleter()
0000000000003730 0000000000000004 t std::_Sp_counted_deleter<ams::sf::hipc::impl::HipcManager*, void (*)(ams::sf::hipc::impl::HipcManager*), std::allocator<void>, (__gnu_cxx::_Lock_policy)2>::~_Sp_counted_deleter()
0000000000003740 000000000000000c t std::_Sp_counted_deleter<ams::sf::cmif::DomainServiceObject*, void (*)(ams::sf::cmif::DomainServiceObject*), std::allocator<void>, (__gnu_cxx::_Lock_policy)2>::_M_dispose()
0000000000003750 000000000000000c t std::_Sp_counted_deleter<ams::sf::hipc::impl::HipcManager*, void (*)(ams::sf::hipc::impl::HipcManager*), std::allocator<void>, (__gnu_cxx::_Lock_policy)2>::_M_dispose()
0000000000003760 0000000000000004 t ams::sf::hipc::impl::HipcManager::~HipcManager()
0000000000003760 0000000000000004 t ams::sf::hipc::impl::HipcManager::~HipcManager()
0000000000003770 0000000000000004 t ams::os::impl::WaitableHolderOfKernelObject::UnlinkFromObjectList()
0000000000003770 0000000000000004 t ams::sf::ServiceObjectTraits<ams::sf::hipc::impl::HipcManager>::SharedPointerHelper::EmptyDelete(ams::sf::hipc::impl::HipcManager*)
0000000000003780 0000000000000128 t ams::Result ams::sf::impl::InvokeServiceCommandImpl<&ams::sf::hipc::impl::HipcManager::QueryPointerBufferSize>(CmifOutHeader**, ams::sf::cmif::ServiceDispatchContext&, ams::sf::cmif::PointerAndSize const&)
00000000000038b0 0000000000000008 t ams::sf::cmif::ServerDomainManager::Domain::GetServerDomain()
00000000000038c0 0000000000000060 t ams::sf::cmif::DomainServiceObjectProcessor::GetRuntimeMetadata() const
0000000000003920 0000000000000070 t ams::sf::cmif::DomainServiceObjectProcessor::SetImplementationProcessor(ams::sf::cmif::ServerMessageProcessor*)
0000000000003990 0000000000000008 t ams::sf::hipc::ServerSessionManager::DispatchManagerRequest(ams::sf::hipc::ServerSession*, ams::sf::cmif::PointerAndSize const&, ams::sf::cmif::PointerAndSize const&)
00000000000039a0 000000000000000c t std::_Sp_counted_deleter<Service*, void (*)(Service*), std::allocator<void>, (__gnu_cxx::_Lock_policy)2>::_M_dispose()
00000000000039b0 0000000000000008 t ams::os::impl::WaitableHolderOfHandle::GetHandle() const
00000000000039c0 0000000000000008 t ams::os::impl::WaitableHolderOfKernelObject::LinkToObjectList()
00000000000039c0 0000000000000008 t ams::os::impl::WaitableHolderOfHandle::IsSignaled() const
00000000000039d0 0000000000000008 t ams::os::impl::WaitableHolderOfUserObject::GetHandle() const
00000000000039e0 0000000000000024 t ams::AbortImpl()
0000000000003a10 0000000000000068 t ams::sf::cmif::DomainServiceObjectProcessor::PrepareForErrorReply(ams::sf::cmif::ServiceDispatchContext const&, ams::sf::cmif::PointerAndSize&, ams::sf::cmif::ServerMessageRuntimeMetadata)
0000000000003a80 0000000000000084 t ams::sf::cmif::DomainServiceObjectProcessor::PrepareForReply(ams::sf::cmif::ServiceDispatchContext const&, ams::sf::cmif::PointerAndSize&, ams::sf::cmif::ServerMessageRuntimeMetadata)
0000000000003b10 0000000000000064 t ams::sf::cmif::ServerDomainManager::EntryManager::FreeEntry(ams::sf::cmif::ServerDomainManager::Entry*)
0000000000003b80 0000000000000008 t non-virtual thunk to ams::sf::cmif::ServerDomainManager::Domain::UnreserveIds(ams::sf::cmif::DomainObjectId const*, unsigned long)
0000000000003b90 0000000000000008 t non-virtual thunk to ams::sf::cmif::ServerDomainManager::Domain::UnregisterObject(ams::sf::cmif::DomainObjectId)
0000000000003ba0 0000000000000008 t non-virtual thunk to ams::sf::cmif::ServerDomainManager::Domain::ReserveSpecificIds(ams::sf::cmif::DomainObjectId const*, unsigned long)
0000000000003bb0 0000000000000008 t non-virtual thunk to ams::sf::cmif::ServerDomainManager::Domain::ReserveIds(ams::sf::cmif::DomainObjectId*, unsigned long)
0000000000003bc0 000000000000006c t ams::os::impl::WaitableHolderOfEvent::UnlinkFromObjectList()
0000000000003c30 0000000000000070 t ams::os::impl::WaitableHolderOfEvent::LinkToObjectList()
0000000000003ca0 0000000000000040 t ams::os::impl::WaitableHolderOfEvent::IsSignaled() const
0000000000003ce0 0000000000000040 t ams::sf::hipc::CreateSession(unsigned int*, unsigned int*)
0000000000003d20 0000000000000008 t non-virtual thunk to ams::sf::cmif::ServerDomainManager::Domain::GetObject(ams::sf::cmif::DomainObjectId)
0000000000003d30 0000000000000190 t ams::sf::cmif::DomainServiceObjectProcessor::GetInObjects(ams::sf::cmif::ServiceObjectHolder*) const
0000000000003ec0 0000000000000008 t non-virtual thunk to ams::sf::cmif::ServerDomainManager::Domain::RegisterObject(ams::sf::cmif::DomainObjectId, ams::sf::cmif::ServiceObjectHolder&&)
0000000000003ed0 000000000000012c t ams::sf::cmif::ServerDomainManager::Domain::~Domain()
0000000000003ed0 000000000000012c t ams::sf::cmif::ServerDomainManager::Domain::~Domain()
0000000000004000 0000000000000038 t ams::sf::cmif::ServerDomainManager::Domain::DestroySelf()
0000000000004040 0000000000000004 t ams::sf::cmif::ServerDomainManager::DestroyDomainServiceObject(ams::sf::cmif::DomainServiceObject*)
0000000000004050 0000000000000004 t std::_Sp_counted_deleter<Service*, void (*)(Service*), std::allocator<void>, (__gnu_cxx::_Lock_policy)2>::_M_destroy()
0000000000004050 0000000000000004 t std::_Sp_counted_deleter<ams::sf::cmif::DomainServiceObject*, void (*)(ams::sf::cmif::DomainServiceObject*), std::allocator<void>, (__gnu_cxx::_Lock_policy)2>::_M_destroy()
0000000000004050 0000000000000004 t std::_Sp_counted_deleter<ams::sf::cmif::MitmDomainServiceObject*, void (*)(ams::sf::cmif::DomainServiceObject*), std::allocator<void>, (__gnu_cxx::_Lock_policy)2>::_M_destroy()
0000000000004050 0000000000000004 t std::_Sp_counted_deleter<ams::sf::hipc::impl::HipcManager*, void (*)(ams::sf::hipc::impl::HipcManager*), std::allocator<void>, (__gnu_cxx::_Lock_policy)2>::_M_destroy()
0000000000004060 0000000000000008 t std::_Sp_counted_deleter<Service*, void (*)(Service*), std::allocator<void>, (__gnu_cxx::_Lock_policy)2>::~_Sp_counted_deleter()
0000000000004060 0000000000000008 t std::_Sp_counted_deleter<ams::sf::cmif::DomainServiceObject*, void (*)(ams::sf::cmif::DomainServiceObject*), std::allocator<void>, (__gnu_cxx::_Lock_policy)2>::~_Sp_counted_deleter()
0000000000004060 0000000000000008 t std::_Sp_counted_deleter<ams::sf::cmif::MitmDomainServiceObject*, void (*)(ams::sf::cmif::DomainServiceObject*), std::allocator<void>, (__gnu_cxx::_Lock_policy)2>::~_Sp_counted_deleter()
0000000000004060 0000000000000008 t std::_Sp_counted_deleter<ams::sf::hipc::impl::HipcManager*, void (*)(ams::sf::hipc::impl::HipcManager*), std::allocator<void>, (__gnu_cxx::_Lock_policy)2>::~_Sp_counted_deleter()
0000000000004070 0000000000000008 t ams::sf::hipc::impl::HipcManager::~HipcManager()
0000000000004080 0000000000000028 t ams::sf::cmif::ServerDomainManager::Domain::~Domain()
00000000000040b0 0000000000000458 t ams::Result ams::sf::impl::InvokeServiceCommandImpl<&ams::sf::hipc::impl::HipcManager::ConvertCurrentObjectToDomain>(CmifOutHeader**, ams::sf::cmif::ServiceDispatchContext&, ams::sf::cmif::PointerAndSize const&)
0000000000004510 000000000000009c t ams::sf::hipc::ServerSession::ForwardServiceDeleter(Service*)
00000000000045b0 00000000000002d4 t ams::Result ams::sf::cmif::impl::ServiceDispatchTableBase::ProcessMessage<ams::sf::cmif::DomainServiceObjectDispatchTable>(ams::sf::cmif::ServiceDispatchContext&, ams::sf::cmif::PointerAndSize const&) const
0000000000004890 0000000000000108 t ams::sf::hipc::ServerSession::ForwardRequest(ams::sf::cmif::ServiceDispatchContext const&) const
00000000000049a0 0000000000000368 t ams::Result ams::sf::cmif::impl::ServiceDispatchTableBase::ProcessMessageForMitm<ams::sf::cmif::DomainServiceObjectDispatchTable>(ams::sf::cmif::ServiceDispatchContext&, ams::sf::cmif::PointerAndSize const&) const
0000000000004d10 00000000000000c0 T ams::sf::cmif::ServerDomainManager::EntryManager::~EntryManager()
0000000000004d10 00000000000000c0 t ams::sf::cmif::ServerDomainManager::EntryManager::~EntryManager()
0000000000004dd0 0000000000000074 T ams::sf::cmif::ServerDomainManager::EntryManager::EntryManager(ams::util::TypedStorage<ams::sf::cmif::ServerDomainManager::Entry, 64ul, 8ul>*, unsigned long)
0000000000004dd0 0000000000000074 t ams::sf::cmif::ServerDomainManager::EntryManager::EntryManager(ams::util::TypedStorage<ams::sf::cmif::ServerDomainManager::Entry, 64ul, 8ul>*, unsigned long)
0000000000004e50 0000000000000020 T ams::result::impl::OnResultAssertion(ams::Result)
0000000000004e70 000000000000026c t ams::os::impl::WaitableManagerImpl::WaitAnyHandleImpl(bool, unsigned long) [clone .constprop.0]
00000000000050e0 0000000000000270 t ams::sf::cmif::DomainServiceObjectProcessor::SetOutObjects(ams::sf::cmif::ServiceDispatchContext const&, HipcRequest const&, ams::sf::cmif::ServiceObjectHolder*, ams::sf::cmif::DomainObjectId*)
0000000000005350 0000000000000054 T ams::sm::impl::DoWithSessionImpl(void (*)(void*), void*)
00000000000053b0 0000000000000054 T ams::sm::UnregisterService(ams::sm::ServiceName)
0000000000005410 000000000000007c T ams::sm::RegisterService(unsigned int*, ams::sm::ServiceName, unsigned long, bool)
0000000000005490 000000000000033c t ams::sf::hipc::ServerSessionManager::DispatchRequest(ams::sf::cmif::ServiceObjectHolder&&, ams::sf::hipc::ServerSession*, ams::sf::cmif::PointerAndSize const&, ams::sf::cmif::PointerAndSize const&)
00000000000057d0 0000000000000114 T ams::sf::hipc::ServerDomainSessionManager::DispatchManagerRequest(ams::sf::hipc::ServerSession*, ams::sf::cmif::PointerAndSize const&, ams::sf::cmif::PointerAndSize const&)
00000000000058f0 0000000000000044 T ams::os::WaitableManager::LinkWaitableHolder(ams::os::WaitableHolder*)
0000000000005940 00000000000000fc t ams::sf::hipc::ServerManagerBase::RegisterToWaitList(ams::os::WaitableHolder*)
0000000000005a40 0000000000000010 T ams::sf::hipc::ServerManagerBase::RegisterSessionToWaitList(ams::sf::hipc::ServerSession*)
0000000000005a50 000000000000001c T ams::os::WaitableManager::~WaitableManager()
0000000000005a50 000000000000001c t ams::os::WaitableManager::~WaitableManager()
0000000000005a70 0000000000000010 T ams::os::WaitableManager::WaitableManager()
0000000000005a70 0000000000000010 t ams::os::WaitableManager::WaitableManager()
0000000000005a80 0000000000000018 T ams::os::WaitableHolder::~WaitableHolder()
0000000000005a80 0000000000000018 t ams::os::WaitableHolder::~WaitableHolder()
0000000000005aa0 0000000000000124 T ams::sf::hipc::ServerSessionManager::CloseSessionImpl(ams::sf::hipc::ServerSession*)
0000000000005bd0 00000000000002f0 t ams::sf::hipc::ServerManagerBase::ProcessForSession(ams::os::WaitableHolder*)
0000000000005ec0 0000000000000098 T ams::sf::hipc::ServerManagerBase::ServerBase::~ServerBase()
0000000000005f60 0000000000000034 T ams::os::WaitableHolder::WaitableHolder(ams::os::Event*)
0000000000005f60 0000000000000034 t ams::os::WaitableHolder::WaitableHolder(ams::os::Event*)
0000000000005fa0 0000000000000048 T ams::os::WaitableHolder::WaitableHolder(unsigned int)
0000000000005ff0 000000000000015c t ams::sf::hipc::ServerSessionManager::RegisterMitmSessionImpl(ams::sf::hipc::ServerSession*, unsigned int, ams::sf::cmif::ServiceObjectHolder&&, std::shared_ptr<Service>&&)
0000000000006150 0000000000000170 t ams::sf::hipc::ServerSessionManager::RegisterMitmSession(unsigned int, ams::sf::cmif::ServiceObjectHolder&&, std::shared_ptr<Service>&&)
00000000000062c0 00000000000000bc t ams::sf::hipc::ServerSessionManager::RegisterSessionImpl(ams::sf::hipc::ServerSession*, unsigned int, ams::sf::cmif::ServiceObjectHolder&&)
0000000000006380 0000000000000810 T ams::sf::hipc::ServerManagerBase::LoopProcess()
0000000000006b90 0000000000000160 t ams::sf::hipc::ServerSessionManager::RegisterSession(unsigned int, ams::sf::cmif::ServiceObjectHolder&&)
0000000000006cf0 000000000000042c t ams::Result ams::sf::impl::InvokeServiceCommandImpl<&ams::sf::hipc::impl::HipcManager::CloneCurrentObjectEx>(CmifOutHeader**, ams::sf::cmif::ServiceDispatchContext&, ams::sf::cmif::PointerAndSize const&)
0000000000007120 0000000000000408 t ams::Result ams::sf::impl::InvokeServiceCommandImpl<&ams::sf::hipc::impl::HipcManager::CloneCurrentObject>(CmifOutHeader**, ams::sf::cmif::ServiceDispatchContext&, ams::sf::cmif::PointerAndSize const&)
0000000000007530 000000000000064c t ams::Result ams::sf::impl::InvokeServiceCommandImpl<&ams::sf::hipc::impl::HipcManager::CopyFromCurrentDomain>(CmifOutHeader**, ams::sf::cmif::ServiceDispatchContext&, ams::sf::cmif::PointerAndSize const&)
0000000000007b80 0000000000000004 T ams::os::Event::~Event()
0000000000007b80 0000000000000004 t ams::os::Event::~Event()
0000000000007b90 0000000000000014 T ams::os::Event::Event(bool, bool)
0000000000007b90 0000000000000014 t ams::os::Event::Event(bool, bool)
0000000000007bb0 000000000000000c T __wrap__Unwind_Resume
0000000000007bc0 000000000000000c T __wrap___cxa_pure_virtual
0000000000007bd0 000000000000000c T __wrap__ZSt20__throw_length_errorPKc
0000000000007be0 000000000000000c T __wrap___gxx_personality_v0
0000000000007bf0 000000000000000c T __wrap___cxa_call_unexpected
0000000000007c00 000000000000000c T __wrap___cxa_allocate_exception
0000000000007c10 000000000000000c T __wrap___cxa_throw
0000000000007c20 00000000000001e8 T ams::CrashHandler(ThreadExceptionDump*)
0000000000007e10 0000000000000064 T ams::exosphere::GetApiInfo()
0000000000007e80 000000000000015c t ams::hos::(anonymous namespace)::CacheValues()
0000000000007fe0 000000000000015c T ams::sf::cmif::impl::ServiceDispatchTableBase::ProcessMessageImpl(ams::sf::cmif::ServiceDispatchContext&, ams::sf::cmif::PointerAndSize const&, ams::sf::cmif::ServiceCommandMeta const*, unsigned long) const
0000000000008140 000000000000000c t ams::Result ams::sf::cmif::impl::ServiceDispatchTableBase::ProcessMessage<ams::sf::cmif::ServiceDispatchTable<ams::sf::cmif::ServiceCommandMeta, ams::sf::cmif::ServiceCommandMeta, ams::sf::cmif::ServiceCommandMeta, ams::sf::cmif::ServiceCommandMeta, ams::sf::cmif::ServiceCommandMeta> const>(ams::sf::cmif::ServiceDispatchContext&, ams::sf::cmif::PointerAndSize const&) const
0000000000008150 000000000000004c T ams::hos::SetVersionForLibnx()
00000000000081a0 0000000000000084 t ams::sf::cmif::ServerDomainManager::Domain::UnreserveIds(ams::sf::cmif::DomainObjectId const*, unsigned long)
0000000000008230 0000000000000124 t ams::sf::cmif::ServerDomainManager::Domain::UnregisterObject(ams::sf::cmif::DomainObjectId)
0000000000008360 00000000000000bc t ams::sf::cmif::ServerDomainManager::Domain::ReserveSpecificIds(ams::sf::cmif::DomainObjectId const*, unsigned long)
0000000000008420 00000000000000ec t ams::sf::cmif::ServerDomainManager::Domain::ReserveIds(ams::sf::cmif::DomainObjectId*, unsigned long)
0000000000008510 00000000000000dc t ams::sf::cmif::ServerDomainManager::Domain::GetObject(ams::sf::cmif::DomainObjectId)
00000000000085f0 0000000000000124 t ams::sf::cmif::ServerDomainManager::Domain::RegisterObject(ams::sf::cmif::DomainObjectId, ams::sf::cmif::ServiceObjectHolder&&)
0000000000008720 0000000000000068 t _amsBpcCleanup
0000000000008790 0000000000000158 T amsBpcInitialize
00000000000088f0 00000000000000d8 T amsBpcRebootToFatalError
00000000000089d0 000000000000008c T mutexLock
0000000000008a60 0000000000000030 T mutexUnlock
0000000000008a90 000000000000004c T rmutexLock
0000000000008ae0 000000000000001c T rmutexUnlock
0000000000008b00 0000000000000060 T condvarWaitTimeout
0000000000008b60 0000000000000324 T threadCreate
0000000000008e90 00000000000000a0 T threadExit
0000000000008f30 0000000000000090 t _EntryWrap
0000000000008fc0 0000000000000008 T threadStart
0000000000008fd0 000000000000000c T threadGetCurHandle
0000000000008fe0 00000000000000b4 t _usbHsCleanup
00000000000090a0 00000000000000c8 t _usbHsCmdNoIO
0000000000009170 0000000000000150 t _usbHsAcquireUsbIf.isra.0
00000000000092c0 000000000000012c t _usbHsAcquireUsbIfOld.isra.0
00000000000093f0 00000000000001a4 t _usbHsIfOpenUsbEp.isra.0
00000000000095a0 0000000000000160 t _usbHsConvertInterfaceInfoToV8.part.0
0000000000009700 0000000000000040 t _usbHsConvertInterfaceInfoToV8
0000000000009740 00000000000001b4 t _usbHsQueryInterfaces
0000000000009900 0000000000000260 t _usbHsEpGetXferReport.constprop.0
0000000000009b60 00000000000000ec t _usbHsEpPostBufferAsync.constprop.0
0000000000009c50 00000000000001d4 t _usbHsEpSubmitRequest.constprop.0
0000000000009e30 00000000000000cc t _usbHsCmdInU8NoOut.isra.0.constprop.0
0000000000009f00 00000000000000e8 t _usbHsBindClientProcess.constprop.0
0000000000009ff0 00000000000000d8 t _usbHsGetHandle.constprop.0
000000000000a0d0 0000000000000054 t _usbHsGetEvent.constprop.0
000000000000a130 0000000000000260 T usbHsInitialize
000000000000a390 0000000000000044 T usbHsExit
000000000000a3e0 0000000000000020 T usbHsQueryAvailableInterfaces
000000000000a400 00000000000001a4 T usbHsQueryAcquiredInterfaces
000000000000a5b0 0000000000000168 T usbHsCreateInterfaceAvailableEvent
000000000000a720 0000000000000054 T usbHsDestroyInterfaceAvailableEvent
000000000000a780 000000000000009c T usbHsIfClose
000000000000a820 00000000000000e4 T usbHsAcquireUsbIf
000000000000a910 0000000000000108 T usbHsIfOpenUsbEp
000000000000aa20 0000000000000008 T usbHsIfResetDevice
000000000000aa30 00000000000000c4 T usbHsEpClose
000000000000ab00 00000000000000d4 T usbHsEpPostBuffer
000000000000abe0 00000000000001a0 t _fatalCmd
000000000000ad80 000000000000000c T fatalThrowWithPolicy
000000000000ad90 0000000000000014 T fatalSimple
000000000000ad90 0000000000000014 T fatalThrow
000000000000adb0 0000000000000068 t _smCleanup
000000000000ae20 0000000000000048 T smAddOverrideHandle
000000000000ae70 0000000000000054 T smGetServiceOverride
000000000000aed0 0000000000000044 T smExit
000000000000af20 00000000000000cc T smGetServiceOriginal
000000000000aff0 000000000000027c T smInitialize
000000000000b270 0000000000000110 T smGetServiceWrapper
000000000000b380 00000000000000dc T smRegisterService
000000000000b460 00000000000000c0 T smUnregisterService
000000000000b520 00000000000000b4 t _fsCleanup
000000000000b5e0 00000000000001dc t _fsCmdNoIO
000000000000b7c0 00000000000001d4 t _fsFsCmdWithInPath
000000000000b9a0 00000000000001fc t _fsFsCmdWithTwoInPaths
000000000000bba0 000000000000022c t _fsFsOpenCommon
000000000000bdd0 00000000000001f0 t _fsFsCmdWithInPathAndOutU64
000000000000bfc0 00000000000000f4 t _fsObjectClose
000000000000c0c0 000000000000016c t _fsCmdGetSession.constprop.0
000000000000c230 000000000000030c T fsInitialize
000000000000c540 0000000000000044 T fsExit
000000000000c590 0000000000000008 T fsOpenSdCardFileSystem
000000000000c5a0 00000000000001e4 T fsFsCreateFile
000000000000c790 0000000000000008 T fsFsDeleteFile
000000000000c7a0 0000000000000008 T fsFsCreateDirectory
000000000000c7b0 0000000000000008 T fsFsDeleteDirectory
000000000000c7c0 0000000000000008 T fsFsRenameFile
000000000000c7d0 0000000000000008 T fsFsRenameDirectory
000000000000c7e0 00000000000001e8 T fsFsGetEntryType
000000000000c9d0 0000000000000008 T fsFsOpenFile
000000000000c9e0 0000000000000008 T fsFsOpenDirectory
000000000000c9f0 0000000000000008 T fsFsGetFreeSpace
000000000000ca00 0000000000000008 T fsFsGetTotalSpace
000000000000ca10 000000000000022c T fsFsGetFileTimeStampRaw
000000000000cc40 0000000000000004 T fsFsClose
000000000000cc50 0000000000000218 T fsFileRead
000000000000ce70 0000000000000208 T fsFileWrite
000000000000d080 0000000000000008 T fsFileFlush
000000000000d090 00000000000001e0 T fsFileSetSize
000000000000d270 00000000000001f0 T fsFileGetSize
000000000000d460 0000000000000004 T fsFileClose
000000000000d470 0000000000000004 T fsDirClose
000000000000d480 0000000000000200 T fsDirRead
000000000000d680 0000000000000010 T hosversionGet
000000000000d690 0000000000000010 T hosversionSet
000000000000d6a0 0000000000000014 t fsdev_link
000000000000d6c0 0000000000000014 t fsdev_dirreset
000000000000d6e0 0000000000000014 t fsdev_chmod
000000000000d700 000000000000001c t error_cmp
000000000000d720 000000000000005c t fsdev_translate_error
000000000000d780 0000000000000040 t fsdev_fsync
000000000000d7c0 0000000000000058 t fsdev_ftruncate
000000000000d820 0000000000000020 t fsdev_dirclose
000000000000d840 000000000000001c t fsdev_close
000000000000d860 0000000000000080 t fsdev_converttimetoutc
000000000000d8e0 00000000000000d0 t fsdev_fstat
000000000000d9b0 00000000000000b0 t fsdev_seek
000000000000da60 000000000000010c t fsdev_read_safe.isra.0
000000000000db70 00000000000000c4 t fsdev_read
000000000000dc40 00000000000000fc t fsdev_write_safe.isra.0
000000000000dd40 00000000000000e0 t fsdev_write
000000000000de20 00000000000000b8 t fsdevFindDevice.part.0
000000000000dee0 0000000000000214 t fsdev_getfspath
000000000000e100 0000000000000078 t fsdev_rmdir
000000000000e180 00000000000000cc t fsdev_statvfs
000000000000e250 00000000000000f0 t fsdev_diropen
000000000000e340 0000000000000078 t fsdev_mkdir
000000000000e3c0 0000000000000104 t fsdev_rename
000000000000e4d0 0000000000000114 t fsdev_chdir
000000000000e5f0 0000000000000078 t fsdev_unlink
000000000000e670 00000000000001c8 t fsdev_stat
000000000000e840 0000000000000190 t fsdev_open
000000000000e9d0 00000000000000a8 t _fsdevUnmountDeviceStruct.part.0
000000000000ea80 0000000000000180 t fsdev_dirnext
000000000000ec00 0000000000000014 t fsdev_fchmod
000000000000ec20 00000000000001c8 T fsdevMountDevice
000000000000edf0 0000000000000048 T fsdevMountSdmc
000000000000ee40 0000000000000064 T fsdevUnmountAll
000000000000eeb0 000000000000012c T decode_utf8
000000000000efdc T armDCacheFlush
000000000000f000 t armDCacheFlush_L0
000000000000f018 T svcMapMemory
000000000000f020 T svcUnmapMemory
000000000000f028 T svcQueryMemory
000000000000f03c T svcExitProcess
000000000000f044 T svcCreateThread
000000000000f058 T svcStartThread
000000000000f060 T svcExitThread
000000000000f068 T svcSleepThread
000000000000f070 T svcClearEvent
000000000000f078 T svcCloseHandle
000000000000f080 T svcResetSignal
000000000000f088 T svcWaitSynchronization
000000000000f09c T svcCancelSynchronization
000000000000f0a4 T svcArbitrateLock
000000000000f0ac T svcArbitrateUnlock
000000000000f0b4 T svcWaitProcessWideKeyAtomic
000000000000f0bc T svcSignalProcessWideKey
000000000000f0c4 T svcConnectToNamedPort
000000000000f0d8 T svcSendSyncRequest
000000000000f0e0 T svcBreak
000000000000f0e8 T svcReturnFromException
000000000000f0f0 T svcGetInfo
000000000000f104 T svcCreateSession
000000000000f11c T svcAcceptSession
000000000000f130 T svcReplyAndReceive
000000000000f144 T svcReplyAndReceiveWithUserBuffer
000000000000f158 T svcCallSecureMonitor
000000000000f18c T __aarch64_read_tp
000000000000f1a0 000000000000017c T detectKernelVersion
000000000000f320 0000000000000030 T detectDebugger
000000000000f350 0000000000000104 t _waitLoop
000000000000f460 0000000000000328 t _waitObjectsImpl
000000000000f790 000000000000000c T waitObjects
000000000000f7a0 000000000000007c t _GetRegionFromInfo.isra.0
000000000000f820 0000000000000114 T virtmemSetup
000000000000f940 00000000000000c0 T virtmemReserveStack
000000000000fa00 0000000000000004 T virtmemFreeStack
000000000000fa10 000000000000000c T eventLoadRemote
000000000000fa20 0000000000000038 T eventWait
000000000000fa60 0000000000000024 T eventClear
000000000000fa90 0000000000000050 T eventClose
000000000000fae0 0000000000000180 T sessionmgrCreate
000000000000fc60 0000000000000084 T sessionmgrClose
000000000000fcf0 00000000000000a4 T sessionmgrAttachClient
000000000000fda0 0000000000000074 T sessionmgrDetachClient
000000000000fe20 0000000000000100 T timeToPosixTimeWithMyRule
000000000000ff20 00000000000000a0 T __nx_dynamic
000000000000ffc0 0000000000000028 W __libnx_init
000000000000fff0 0000000000000020 W __libnx_exit
0000000000010010 0000000000000234 T envSetup
0000000000010250 0000000000000020 T envGetMainThreadHandle
0000000000010270 000000000000000c T envIsNso
0000000000010280 0000000000000014 T envHasArgv
00000000000102a0 000000000000000c T envGetArgv
00000000000102b0 000000000000000c T envGetExitFuncPtr
00000000000102c0 000000000000001c T __syscall_exit
00000000000102e0 0000000000000034 T __syscall_getreent
0000000000010320 0000000000000004 T __syscall_lock_acquire_recursive
0000000000010330 0000000000000004 T __syscall_lock_release_recursive
0000000000010340 0000000000000084 T newlibSetup
00000000000103d0 0000000000000328 T argvSetup
00000000000106f8 W __libnx_exception_entry
0000000000010784 t __libnx_exception_entry_start
00000000000108ac t __libnx_exception_entry_abort
00000000000108b0 t __libnx_exception_entry_end
00000000000108b8 T __libnx_exception_returnentry
00000000000108d0 00000000000000c4 T nxlinkSetup
0000000000010998 0000000000000004 T operator delete(void*)
00000000000109a0 0000000000000004 T operator delete(void*, unsigned long)
00000000000109a8 0000000000000004 T operator delete[](void*, std::align_val_t)
00000000000109b0 0000000000000068 T operator new(unsigned long)
0000000000010a18 0000000000000004 T operator new[](unsigned long, std::align_val_t)
0000000000010a20 0000000000000050 T std::_Sp_make_shared_tag::_S_eq(std::type_info const&)
0000000000010a70 000000000000000c T std::bad_alloc::what() const
0000000000010a80 0000000000000014 T std::bad_alloc::~bad_alloc()
0000000000010a80 0000000000000014 T std::bad_alloc::~bad_alloc()
0000000000010a98 0000000000000028 T std::bad_alloc::~bad_alloc()
0000000000010ac0 0000000000000004 T operator delete(void*, std::align_val_t)
0000000000010ac8 0000000000000004 T std::exception::~exception()
0000000000010ac8 0000000000000004 T std::exception::~exception()
0000000000010ad0 0000000000000010 T std::get_new_handler()
0000000000010ae0 000000000000008c T operator new(unsigned long, std::align_val_t)
0000000000010b70 0000000000000014 T __cxxabiv1::__si_class_type_info::~__si_class_type_info()
0000000000010b70 0000000000000014 T __cxxabiv1::__si_class_type_info::~__si_class_type_info()
0000000000010b88 0000000000000028 T __cxxabiv1::__si_class_type_info::~__si_class_type_info()
0000000000010bb0 0000000000000080 T __cxxabiv1::__si_class_type_info::__do_find_public_src(long, void const*, __cxxabiv1::__class_type_info const*, void const*) const
0000000000010c30 0000000000000140 T __cxxabiv1::__si_class_type_info::__do_dyncast(long, __cxxabiv1::__class_type_info::__sub_kind, __cxxabiv1::__class_type_info const*, void const*, __cxxabiv1::__class_type_info const*, void const*, __cxxabiv1::__class_type_info::__dyncast_result&) const
0000000000010d70 0000000000000068 T __cxxabiv1::__si_class_type_info::__do_upcast(__cxxabiv1::__class_type_info const*, void const*, __cxxabiv1::__class_type_info::__upcast_result&) const
0000000000010dd8 0000000000000004 T std::type_info::~type_info()
0000000000010dd8 0000000000000004 T std::type_info::~type_info()
0000000000010de0 0000000000000008 T std::type_info::__is_pointer_p() const
0000000000010de0 0000000000000008 T std::type_info::__is_function_p() const
0000000000010de8 000000000000006c T __cxxabiv1::__class_type_info::__do_upcast(__cxxabiv1::__class_type_info const*, void**) const
0000000000010e58 0000000000000010 T __cxxabiv1::__class_type_info::__do_find_public_src(long, void const*, __cxxabiv1::__class_type_info const*, void const*) const
0000000000010e68 0000000000000014 T __cxxabiv1::__class_type_info::~__class_type_info()
0000000000010e68 0000000000000014 T __cxxabiv1::__class_type_info::~__class_type_info()
0000000000010e80 0000000000000028 T __cxxabiv1::__class_type_info::~__class_type_info()
0000000000010ea8 00000000000000dc T __cxxabiv1::__class_type_info::__do_dyncast(long, __cxxabiv1::__class_type_info::__sub_kind, __cxxabiv1::__class_type_info const*, void const*, __cxxabiv1::__class_type_info const*, void const*, __cxxabiv1::__class_type_info::__dyncast_result&) const
0000000000010f88 000000000000006c T __cxxabiv1::__class_type_info::__do_upcast(__cxxabiv1::__class_type_info const*, void const*, __cxxabiv1::__class_type_info::__upcast_result&) const
0000000000010ff8 00000000000000ac T __cxxabiv1::__class_type_info::__do_catch(std::type_info const*, void**, unsigned int) const
00000000000110a8 00000000000000b8 T bsearch
0000000000011160 0000000000000018 T __cxa_atexit
0000000000011178 000000000000004c T __libc_fini_array
00000000000111c8 000000000000002c T gmtime
00000000000111f8 000000000000029c T gmtime_r
0000000000011498 000000000000009c T __libc_init_array
0000000000011538 000000000000002c T memalign
0000000000011568 00000000000001a0 T _memalign_r
0000000000011708 0000000000000024 T malloc
0000000000011730 0000000000000024 T free
0000000000011758 0000000000000874 T _malloc_r
0000000000012000 000000000000016c T memcpy
0000000000012180 00000000000001dc T memset
0000000000012360 000000000000000c T __malloc_lock
0000000000012370 000000000000000c T __malloc_unlock
0000000000012380 00000000000000ac T sprintf
000000000001242c 00000000000000dc T strchr
0000000000012540 00000000000000e4 T strcmp
0000000000012640 0000000000000140 T strlen
0000000000012780 0000000000000084 T strncat
000000000001285c 00000000000001b8 T strncmp
0000000000012a18 000000000000009c T strncpy
0000000000012ae4 00000000000000e0 T strnlen
0000000000012ba0 00000000000001ac t _strtoul_l.isra.0
0000000000012d50 0000000000000048 T strtoul
0000000000012d98 0000000000000784 t get_arg
000000000001351c 0000000000003be8 T _svfprintf_r
0000000000017108 00000000000000d0 T _wcrtomb_r
00000000000171d8 0000000000000010 T _wcsrtombs_r
00000000000171e8 00000000000000e0 T __register_exitproc
00000000000172c8 000000000000012c T __call_exitprocs
00000000000173f8 000000000000019c t quorem
0000000000017598 0000000000001124 T _dtoa_r
00000000000186c0 0000000000000118 T _malloc_trim_r
00000000000187d8 0000000000000300 T _free_r
0000000000018ad8 0000000000000008 T __localeconv_l
0000000000018ae0 0000000000000028 T _localeconv_r
0000000000018b08 000000000000002c T __locale_mb_cur_max
0000000000018b38 00000000000002c8 T __utf8_mbtowc
0000000000018e00 00000000000000d8 T memchr
0000000000018ed8 0000000000000090 T _Balloc
0000000000018f68 000000000000001c T _Bfree
0000000000018f88 00000000000000d8 T __multadd
0000000000019060 000000000000005c T __hi0bits
00000000000190c0 00000000000000a0 T __lo0bits
0000000000019160 000000000000002c T __i2b
0000000000019190 00000000000001dc T __multiply
0000000000019370 0000000000000100 T __pow5mult
0000000000019470 0000000000000154 T __lshift
00000000000195c8 0000000000000050 T __mcmp
0000000000019618 000000000000017c T __mdiff
0000000000019798 0000000000000138 T __d2b
00000000000198d0 000000000000056c T _realloc_r
0000000000019e40 000000000000007c T frexp
0000000000019ebc 00000000000001c0 T __ssprint_r
000000000001a080 00000000000001e4 T _wcsnrtombs_l
000000000001a268 0000000000000074 T _wcsnrtombs_r
000000000001a2e0 00000000000000e4 T __utf8_wctomb
000000000001a3c8 0000000000000094 T _calloc_r
000000000001a480 00000000000000ac T memmove
000000000001a530 0000000000000008 t null_write
000000000001a538 0000000000000018 T setDefaultDevice
000000000001a550 0000000000000108 T FindDevice
000000000001a658 0000000000000034 T RemoveDevice
000000000001a690 00000000000000dc T AddDevice
000000000001a770 0000000000000034 T GetDeviceOpTab
000000000001a7a8 0000000000000078 T _sbrk_r
000000000001a820 0000000000000020 T _exit
000000000001a840 0000000000000014 T __libc_lock_acquire_recursive
000000000001a858 0000000000000014 T __libc_lock_release_recursive
000000000001a870 0000000000000020 T __getreent
000000000001a890 000000000000030c t __trunctfdf2
000000000001aba0 0000000000000070 t __sfp_handle_exceptions
000000000001ac10 T _fini
000000000001b000 R __rodata_start
000000000001b010 0000000000000010 V std::_Sp_make_shared_tag::_S_ti()::__tag
000000000001b020 0000000000000008 r (anonymous namespace)::ServiceName
000000000001b088 0000000000000001 r ams::sf::cmif::DomainServiceObject::s_CmifServiceDispatchTable
000000000001b090 000000000000002c r CSWTCH.18
000000000001b0c0 000000000000002c r CSWTCH.19
000000000001b120 0000000000000020 r error_table
000000000001b150 0000000000000018 V typeinfo name for std::_Sp_make_shared_tag
000000000001b178 000000000000000d V typeinfo name for std::bad_alloc
000000000001b188 000000000000000d V typeinfo name for std::exception
000000000001b198 0000000000000025 V typeinfo name for __cxxabiv1::__si_class_type_info
000000000001b1c0 000000000000000d V typeinfo name for std::type_info
000000000001b1d0 0000000000000022 V typeinfo name for __cxxabiv1::__class_type_info
000000000001b1f8 0000000000000101 R _ctype_
000000000001b488 0000000000000010 r blanks.6692
000000000001b498 0000000000000010 r zeroes.6693
000000000001b540 0000000000000028 R __mprec_bigtens
000000000001b568 00000000000000c8 R __mprec_tens
000000000001b630 000000000000000c r p05.5441
000000000001b640 000000000000006c R __action_table
000000000001b6b0 0000000000000100 R __chclass
000000000001b7b0 000000000000006c R __state_table
000000000001b820 r __EH_FRAME_BEGIN__
000000000001b820 R __eh_frame_hdr_end
000000000001b820 R __eh_frame_hdr_start
000000000001f744 r __FRAME_END__
000000000001f748 a _DYNAMIC
0000000000024000 R __data_start
0000000000024000 t __frame_dummy_init_array_entry
0000000000024000 T __init_array_start
0000000000024000 B __preinit_array_end
0000000000024000 B __preinit_array_start
0000000000024000 D __tdata_lma
0000000000024000 D __tdata_lma_end
0000000000024020 t __do_global_dtors_aux_fini_array_entry
0000000000024020 T __fini_array_start
0000000000024020 T __init_array_end
0000000000024028 T __fini_array_end
0000000000024028 a _GLOBAL_OFFSET_TABLE_
0000000000024028 T __got_start__
0000000000024250 D __dso_handle
0000000000024250 D __got_end__
0000000000024258 0000000000000020 V vtable for ams::sf::cmif::ServerDomainManager
0000000000024278 0000000000000020 V vtable for fspusb::Service
0000000000024298 0000000000000048 V vtable for ams::sf::impl::HipcCommandProcessor<ams::sf::impl::CommandMetaInfo<&fspusb::Service::GetAcquiredDriveCount> >
00000000000242e0 0000000000000048 V vtable for ams::sf::impl::HipcCommandProcessor<ams::sf::impl::CommandMetaInfo<&fspusb::Service::TestResult> >
0000000000024328 0000000000000028 V vtable for ams::sf::hipc::ServerManagerBase::Server<fspusb::Service, &(std::shared_ptr<fspusb::Service> std::make_shared<fspusb::Service>())>
0000000000024350 0000000000000038 V vtable for std::_Sp_counted_ptr_inplace<fspusb::Service, std::allocator<fspusb::Service>, (__gnu_cxx::_Lock_policy)2>
0000000000024388 0000000000000018 V ams::sf::cmif::ServiceDispatchTraits<fspusb::Service>::Meta
00000000000243a0 0000000000000020 V ams::sf::cmif::ServiceDispatchTraits<fspusb::Service>::DispatchTable
00000000000243c0 0000000000000008 D ams::CurrentProgramId
00000000000243c8 0000000000000001 D ams::result::CallFatalOnResultAssertion
00000000000243cc 0000000000000004 D __nx_applet_type
00000000000243d0 0000000000000008 D __nx_exception_stack_size
00000000000243d8 0000000000000008 D nx_inner_heap_size
00000000000243e0 0000000000000088 d vtable for ams::sf::hipc::ServerManager<1ul, (anonymous namespace)::ServerOptions, 61ul>
0000000000024468 0000000000000018 V vtable for fspusb::impl::SCSIInquiryCommand
0000000000024480 0000000000000018 V vtable for fspusb::impl::SCSITestUnitReadyCommand
0000000000024498 0000000000000018 V vtable for fspusb::impl::SCSIReadCapacityCommand
00000000000244b0 0000000000000018 V vtable for fspusb::impl::SCSIRead10Command
00000000000244c8 0000000000000018 V vtable for fspusb::impl::SCSIWrite10Command
00000000000244e0 0000000000000020 d VolumeStr
0000000000024500 0000000000000048 d vtable for ams::sf::impl::HipcCommandProcessor<ams::sf::impl::CommandMetaInfo<&ams::sf::hipc::impl::HipcManager::QueryPointerBufferSize> >
0000000000024500 0000000000000048 d vtable for ams::sf::impl::HipcCommandProcessor<ams::sf::impl::CommandMetaInfo<&ams::sf::hipc::impl::HipcManager::ConvertCurrentObjectToDomain> >
0000000000024548 0000000000000028 d vtable for ams::sf::hipc::ServerManagerBase::ServerBase
0000000000024570 0000000000000048 d vtable for ams::sf::impl::HipcCommandProcessor<ams::sf::impl::CommandMetaInfo<&ams::sf::hipc::impl::HipcManager::CloneCurrentObjectEx> >
0000000000024570 0000000000000048 d vtable for ams::sf::impl::HipcCommandProcessor<ams::sf::impl::CommandMetaInfo<&ams::sf::hipc::impl::HipcManager::CopyFromCurrentDomain> >
00000000000245b8 0000000000000048 d vtable for ams::sf::impl::HipcCommandProcessor<ams::sf::impl::CommandMetaInfo<&ams::sf::hipc::impl::HipcManager::CloneCurrentObject> >
0000000000024600 0000000000000048 D vtable for ams::sf::hipc::ServerSessionManager
0000000000024648 0000000000000078 D vtable for ams::sf::hipc::ServerManagerBase
00000000000246c0 0000000000000068 D vtable for ams::sf::hipc::ServerDomainSessionManager
0000000000024728 0000000000000098 d vtable for ams::sf::cmif::ServerDomainManager::Domain
00000000000247c0 0000000000000018 d ams::sf::cmif::ServiceDispatchTraits<ams::sf::cmif::MitmDomainServiceObject>::Meta
00000000000247d8 0000000000000018 d ams::sf::cmif::ServiceDispatchTraits<ams::sf::cmif::DomainServiceObject>::Meta
00000000000247f0 0000000000000038 d vtable for std::_Sp_counted_deleter<ams::sf::cmif::MitmDomainServiceObject*, void (*)(ams::sf::cmif::DomainServiceObject*), std::allocator<void>, (__gnu_cxx::_Lock_policy)2>
0000000000024828 0000000000000038 d vtable for std::_Sp_counted_deleter<ams::sf::cmif::DomainServiceObject*, void (*)(ams::sf::cmif::DomainServiceObject*), std::allocator<void>, (__gnu_cxx::_Lock_policy)2>
0000000000024860 0000000000000048 d vtable for ams::sf::cmif::DomainServiceObjectProcessor
00000000000248a8 0000000000000020 d vtable for ams::sf::hipc::impl::HipcManager
00000000000248c8 0000000000000038 d vtable for std::_Sp_counted_deleter<ams::sf::hipc::impl::HipcManager*, void (*)(ams::sf::hipc::impl::HipcManager*), std::allocator<void>, (__gnu_cxx::_Lock_policy)2>
0000000000024900 0000000000000018 d ams::sf::cmif::ServiceDispatchTraits<ams::sf::hipc::impl::HipcManager>::Meta
0000000000024918 0000000000000038 d vtable for ams::os::impl::WaitableHolderOfEvent
0000000000024950 0000000000000038 d vtable for ams::os::impl::WaitableHolderOfHandle
0000000000024988 0000000000000038 d vtable for std::_Sp_counted_deleter<Service*, void (*)(Service*), std::allocator<void>, (__gnu_cxx::_Lock_policy)2>
00000000000249c0 0000000000000050 d ams::sf::cmif::ServiceDispatchTraits<ams::sf::hipc::impl::HipcManager>::DispatchTable
0000000000024a10 0000000000000004 V __nx_fs_num_sessions
0000000000024a14 0000000000000004 V __nx_fsdev_direntry_cache_size
0000000000024a18 0000000000000001 V __nx_fsdev_support_cwd
0000000000024a20 00000000000000e0 d fsdev_devoptab
0000000000024b00 0000000000000018 V typeinfo for std::bad_alloc
0000000000024b18 0000000000000028 V vtable for std::bad_alloc
0000000000024b40 0000000000000010 V typeinfo for std::exception
0000000000024b50 0000000000000018 V typeinfo for __cxxabiv1::__si_class_type_info
0000000000024b68 0000000000000058 V vtable for __cxxabiv1::__si_class_type_info
0000000000024bc0 0000000000000010 V typeinfo for std::type_info
0000000000024bd0 0000000000000018 V typeinfo for __cxxabiv1::__class_type_info
0000000000024be8 0000000000000058 V vtable for __cxxabiv1::__class_type_info
0000000000024c40 0000000000000008 D _impure_ptr
0000000000024c48 0000000000000768 d impure_data
00000000000253b0 0000000000000008 D _global_impure_ptr
00000000000253b8 0000000000000008 D __malloc_sbrk_base
00000000000253c0 0000000000000008 D __malloc_trim_threshold
00000000000253c8 0000000000000810 D __malloc_av_
0000000000025bd8 00000000000001a8 D __global_locale
0000000000025d80 0000000000000004 d defaultDevice
0000000000025d88 0000000000000080 D devoptab_list
0000000000025e08 00000000000000e0 D dotab_stdnull
0000000000025ee8 D __bss_start__
0000000000025ee8 b completed.8111
0000000000025ee8 D __TMC_END__
0000000000025ef0 b object.8116
0000000000025f20 00000000001257d0 b (anonymous namespace)::g_server_manager
000000000014b6f0 0000000000001000 B __nx_exception_stack
000000000014c6f0 0000000000060000 B nx_inner_heap
00000000001ac6f0 0000000000000004 B fspusb::impl::g_usb_manager_lock
00000000001ac6f8 0000000000000018 B fspusb::impl::g_usb_manager_drives
00000000001ac710 0000000000000001 B fspusb::impl::g_usb_manager_initialized
00000000001ac718 0000000000000010 B fspusb::impl::g_usb_manager_device_filter
00000000001ac728 000000000000000c B fspusb::impl::g_usb_manager_interface_available_event
00000000001ac738 0000000000000020 b FatFs
00000000001ac758 0000000000000002 b Fsid
00000000001ac760 000000000000000c b ams::sm::impl::(anonymous namespace)::g_user_session_mutex
00000000001ac770 0000000000000004 b ams::hos::(anonymous namespace)::g_mutex
00000000001ac774 0000000000000001 b ams::hos::(anonymous namespace)::g_has_cached
00000000001ac776 0000000000000002 b ams::hos::(anonymous namespace)::g_hos_version
00000000001ac778 0000000000000008 b g_amsBpcGuard
00000000001ac780 0000000000000010 b g_amsBpcSrv
00000000001ac790 0000000000000008 b g_threadList
00000000001ac798 0000000000000004 b g_threadMutex
00000000001ac7a0 00000000000000d8 b g_tlsDestructors
00000000001ac878 0000000000000008 b g_tlsUsageMask
00000000001ac880 0000000000000008 b g_usbHsGuard
00000000001ac888 000000000000000c b g_usbHsInterfaceStateChangeEvent
00000000001ac898 0000000000000010 b g_usbHsSrv
00000000001ac8a8 0000000000000008 b g_smGuard
00000000001ac8b0 0000000000000180 b g_smOverrides
00000000001aca30 0000000000000008 b g_smOverridesNum
00000000001aca38 0000000000000010 b g_smSrv
00000000001aca48 0000000000000008 b g_fsGuard
00000000001aca50 0000000000000054 b g_fsSessionMgr
00000000001acaa8 0000000000000010 b g_fsSrv
00000000001acab8 0000000000000004 b g_hosVersion
00000000001acabc 0000000000000004 b fsdev_fsdevice_cwd
00000000001acac0 0000000000002400 b fsdev_fsdevices
00000000001aeec0 0000000000000001 b fsdev_initialised
00000000001aeec4 0000000000000004 b g_Version
00000000001aeec8 0000000000000001 b g_VersionCached
00000000001aeecc 0000000000000004 b g_VersionMutex
00000000001aeed0 0000000000000010 b g_AddressSpace
00000000001aeee0 0000000000000008 b g_CurrentMapAddr
00000000001aeee8 0000000000000030 b g_Region
00000000001aef18 0000000000000004 b g_VirtMemMutex
00000000001aef20 0000000000000010 b g_timeTimeZoneService
00000000001aef30 0000000000000004 V __nx_exception_ignoredebug
00000000001aef34 0000000000000001 b g_hasRandomSeed
00000000001aef35 0000000000000001 b g_isNso
00000000001aef38 0000000000000004 b g_lastLoadResult
00000000001aef40 0000000000000008 b g_loaderInfo
00000000001aef48 0000000000000008 b g_loaderInfoSize
00000000001aef50 0000000000000008 b g_loaderRetAddr
00000000001aef58 0000000000000004 b g_mainThreadHandle
00000000001aef60 0000000000000008 b g_nextLoadArgv
00000000001aef68 0000000000000008 b g_nextLoadPath
00000000001aef70 0000000000000008 b g_overrideArgv
00000000001aef78 0000000000000008 b g_overrideHeapAddr
00000000001aef80 0000000000000008 b g_overrideHeapSize
00000000001aef88 0000000000000004 b g_processHandle
00000000001aef90 0000000000000010 b g_randomSeed
00000000001aefa0 0000000000000010 b g_syscallHints
00000000001aefb0 0000000000000008 b g_userIdStorage
00000000001aefb8 0000000000000008 b g_argv_empty
00000000001aefc0 0000000000000008 b (anonymous namespace)::__new_handler
00000000001aefc8 0000000000000028 B __malloc_current_mallinfo
00000000001aeff0 0000000000000008 B __malloc_max_sbrked_mem
00000000001aeff8 0000000000000008 B __malloc_max_total_mem
00000000001af000 0000000000000008 B __malloc_top_pad
00000000001af008 000000000000000c b __malloc_recursive_mutex
00000000001af018 000000000000000c B __atexit_recursive_mutex
00000000001af028 0000000000000008 b heap_start.5367
00000000001af030 0000000000000008 B fake_heap_end
00000000001af038 0000000000000008 B fake_heap_start
00000000001af040 0000000000000340 B __nx_exceptiondump
00000000001af380 0000000000000008 B __stack_top
00000000001af388 0000000000000008 B __system_argv
00000000001af390 0000000000000004 B __system_argc
00000000001af398 0000000000000004 B __nxlink_host
00000000001af3a0 B __tls_start
00000000001af7b0 B __bss_end__
00000000001af7b0 A __end__
00000000001af7b0 B __tls_end
00000000001b0000 A __argdata__
000000000021ccd2 N 
000000000021ccd2 N 
000000000021ccd2 N 
000000000021ccd2 N 
000000000021ccd2 N 
000000000021ccd2 N 
000000000021ccd2 N 
000000000021ccd2 N 
000000000021ccd2 N 
000000000021ccd2 N 
000000000021ccd2 N 
000000000021ccd2 N 
000000000021ccd2 N 
000000000021ccd2 N 
000000000021ccd2 N 
000000000021ccd2 N 
000000000021ccd2 N 
000000000021ccd2 N 
000000000021ccd2 N 
000000000021ccd2 N 
000000000021ccd2 N 
000000000021ccd2 N 
000000000021ccd2 W ams_exosphere_api.cpp.c6339206
0000000000279566 N 
0000000000279566 N 
0000000000279566 N 
0000000000279566 N 
0000000000279566 N 
0000000000279566 N 
0000000000279566 N 
0000000000279566 N 
0000000000279566 N 
0000000000279566 N 
0000000000279566 N 
0000000000279566 N 
0000000000279566 N 
0000000000279566 N 
0000000000279566 N 
0000000000279566 N 
0000000000279566 N 
0000000000279566 N 
0000000000279566 N 
0000000000279566 N 
0000000000279566 N 
0000000000279566 N 
0000000000279566 N 
0000000000279566 N 
0000000000279566 N 
0000000000279566 N 
0000000000279566 N 
0000000000279566 N 
0000000000279566 N 
0000000000279566 N 
0000000000279566 N 
0000000000279566 N 
0000000000279566 W ams_environment.cpp.9b0304ff
00000000002d5f40 N 
00000000002d5f40 N 
00000000002d5f40 N 
00000000002d5f40 N 
00000000002d5f40 N 
00000000002d5f40 N 
00000000002d5f40 N 
00000000002d5f40 N 
00000000002d5f40 N 
00000000002d5f40 N 
00000000002d5f40 N 
00000000002d5f40 N 
00000000002d5f40 N 
00000000002d5f40 N 
00000000002d5f40 N 
00000000002d5f40 N 
00000000002d5f40 N 
00000000002d5f40 N 
00000000002d5f40 N 
00000000002d5f40 W hos_version_api.cpp.f74e2a29
0000000000332776 N 
0000000000332776 N 
0000000000332776 N 
0000000000332776 N 
0000000000332776 N 
0000000000332776 N 
0000000000332776 N 
0000000000332776 N 
0000000000332776 N 
0000000000332776 N 
0000000000332776 N 
0000000000332776 N 
0000000000332776 N 
0000000000332776 N 
0000000000332776 N 
0000000000332776 N 
0000000000332776 N 
0000000000332776 N 
0000000000332776 N 
0000000000332776 N 
0000000000332776 N 
0000000000332776 N 
0000000000332776 W os_event.cpp.42d62eaa
0000000000391966 N 
0000000000391966 N 
0000000000391966 N 
0000000000391966 N 
0000000000391966 N 
0000000000391966 N 
0000000000391966 N 
0000000000391966 N 
0000000000391966 N 
0000000000391966 N 
0000000000391966 N 
0000000000391966 N 
0000000000391966 N 
0000000000391966 N 
0000000000391966 N 
0000000000391966 N 
0000000000391966 N 
0000000000391966 N 
0000000000391966 N 
0000000000391966 N 
0000000000391966 N 
0000000000391966 N 
0000000000391966 N 
0000000000391966 N 
0000000000391966 N 
0000000000391966 N 
0000000000391966 N 
0000000000391966 N 
0000000000391966 N 
0000000000391966 N 
0000000000391966 N 
0000000000391966 N 
0000000000391966 N 
0000000000391966 N 
0000000000391966 N 
0000000000391966 N 
0000000000391966 N 
0000000000391966 N 
0000000000391966 N 
0000000000391966 N 
0000000000391966 N 
0000000000391966 N 
0000000000391966 N 
0000000000391966 N 
0000000000391966 N 
0000000000391966 N 
0000000000391966 N 
0000000000391966 N 
0000000000391966 N 
0000000000391966 N 
0000000000391966 N 
0000000000391966 N 
0000000000391966 N 
0000000000391966 N 
0000000000391966 N 
0000000000391966 N 
0000000000391966 W os_waitable_holder.cpp.afc478f2
00000000003f2186 N 
00000000003f2186 N 
00000000003f2186 N 
00000000003f2186 N 
00000000003f2186 N 
00000000003f2186 N 
00000000003f2186 N 
00000000003f2186 N 
00000000003f2186 N 
00000000003f2186 N 
00000000003f2186 N 
00000000003f2186 N 
00000000003f2186 N 
00000000003f2186 N 
00000000003f2186 N 
00000000003f2186 N 
00000000003f2186 N 
00000000003f2186 N 
00000000003f2186 N 
00000000003f2186 N 
00000000003f2186 N 
00000000003f2186 N 
00000000003f2186 N 
00000000003f2186 W os_waitable_manager.cpp.33852bac
0000000000452037 N 
0000000000452037 N 
0000000000452037 N 
0000000000452037 N 
0000000000452037 N 
0000000000452037 N 
0000000000452037 N 
0000000000452037 N 
0000000000452037 N 
0000000000452037 N 
0000000000452037 N 
0000000000452037 N 
0000000000452037 N 
0000000000452037 N 
0000000000452037 N 
0000000000452037 N 
0000000000452037 N 
0000000000452037 N 
0000000000452037 N 
0000000000452037 N 
0000000000452037 N 
0000000000452037 N 
0000000000452037 N 
0000000000452037 N 
0000000000452037 N 
0000000000452037 W os_waitable_manager_impl.cpp.c17df80e
00000000004b135b N 
00000000004b135b N 
00000000004b135b N 
00000000004b135b N 
00000000004b135b N 
00000000004b135b N 
00000000004b135b N 
00000000004b135b N 
00000000004b135b N 
00000000004b135b N 
00000000004b135b N 
00000000004b135b N 
00000000004b135b N 
00000000004b135b N 
00000000004b135b N 
00000000004b135b N 
00000000004b135b N 
00000000004b135b N 
00000000004b135b N 
00000000004b135b N 
00000000004b135b N 
00000000004b135b N 
00000000004b135b N 
00000000004b135b N 
00000000004b135b N 
00000000004b135b N 
00000000004b135b N 
00000000004b135b N 
00000000004b135b W os_inter_process_event.cpp.4335220a
000000000050e2b3 N 
000000000050e2b3 N 
000000000050e2b3 N 
000000000050e2b3 N 
000000000050e2b3 N 
000000000050e2b3 N 
000000000050e2b3 N 
000000000050e2b3 N 
000000000050e2b3 N 
000000000050e2b3 N 
000000000050e2b3 N 
000000000050e2b3 N 
000000000050e2b3 N 
000000000050e2b3 N 
000000000050e2b3 W result_on_assertion.cpp.8b91d1e7
000000000056a709 N 
000000000056a709 N 
000000000056a709 N 
000000000056a709 N 
000000000056a709 N 
000000000056a709 N 
000000000056a709 N 
000000000056a709 N 
000000000056a709 N 
000000000056a709 N 
000000000056a709 N 
000000000056a709 N 
000000000056a709 N 
000000000056a709 N 
000000000056a709 N 
000000000056a709 W sf_cmif_service_dispatch.cpp.ca7e26a9
00000000005c707e N 
00000000005c707e N 
00000000005c707e N 
00000000005c707e N 
00000000005c707e N 
00000000005c707e N 
00000000005c707e N 
00000000005c707e N 
00000000005c707e N 
00000000005c707e N 
00000000005c707e N 
00000000005c707e N 
00000000005c707e N 
00000000005c707e N 
00000000005c707e N 
00000000005c707e N 
00000000005c707e N 
00000000005c707e N 
00000000005c707e N 
00000000005c707e N 
00000000005c707e N 
00000000005c707e N 
00000000005c707e N 
00000000005c707e N 
00000000005c707e N 
00000000005c707e N 
00000000005c707e N 
00000000005c707e N 
00000000005c707e N 
00000000005c707e N 
00000000005c707e N 
00000000005c707e N 
00000000005c707e N 
00000000005c707e N 
00000000005c707e N 
00000000005c707e N 
00000000005c707e N 
00000000005c707e N 
00000000005c707e N 
00000000005c707e N 
00000000005c707e N 
00000000005c707e N 
00000000005c707e N 
00000000005c707e N 
00000000005c707e N 
00000000005c707e N 
00000000005c707e N 
00000000005c707e N 
00000000005c707e N 
00000000005c707e W sf_cmif_domain_manager.cpp.7d2e57e5
0000000000628c69 N 
0000000000628c69 N 
0000000000628c69 N 
0000000000628c69 N 
0000000000628c69 N 
0000000000628c69 N 
0000000000628c69 N 
0000000000628c69 N 
0000000000628c69 N 
0000000000628c69 N 
0000000000628c69 N 
0000000000628c69 N 
0000000000628c69 N 
0000000000628c69 N 
0000000000628c69 N 
0000000000628c69 N 
0000000000628c69 N 
0000000000628c69 N 
0000000000628c69 N 
0000000000628c69 N 
0000000000628c69 N 
0000000000628c69 N 
0000000000628c69 N 
0000000000628c69 N 
0000000000628c69 N 
0000000000628c69 N 
0000000000628c69 N 
0000000000628c69 N 
0000000000628c69 N 
0000000000628c69 N 
0000000000628c69 N 
0000000000628c69 N 
0000000000628c69 N 
0000000000628c69 N 
0000000000628c69 N 
0000000000628c69 N 
0000000000628c69 N 
0000000000628c69 N 
0000000000628c69 N 
0000000000628c69 N 
0000000000628c69 N 
0000000000628c69 N 
0000000000628c69 N 
0000000000628c69 N 
0000000000628c69 N 
0000000000628c69 N 
0000000000628c69 N 
0000000000628c69 N 
0000000000628c69 N 
0000000000628c69 N 
0000000000628c69 N 
0000000000628c69 N 
0000000000628c69 N 
0000000000628c69 N 
0000000000628c69 N 
0000000000628c69 N 
0000000000628c69 N 
0000000000628c69 N 
0000000000628c69 N 
0000000000628c69 N 
0000000000628c69 N 
0000000000628c69 N 
0000000000628c69 N 
0000000000628c69 W sf_hipc_server_session_manager.cpp.0cf8392f
000000000068ae5a N 
000000000068ae5a N 
000000000068ae5a N 
000000000068ae5a N 
000000000068ae5a N 
000000000068ae5a N 
000000000068ae5a N 
000000000068ae5a N 
000000000068ae5a N 
000000000068ae5a N 
000000000068ae5a N 
000000000068ae5a N 
000000000068ae5a N 
000000000068ae5a N 
000000000068ae5a N 
000000000068ae5a N 
000000000068ae5a N 
000000000068ae5a N 
000000000068ae5a N 
000000000068ae5a N 
000000000068ae5a N 
000000000068ae5a N 
000000000068ae5a N 
000000000068ae5a N 
000000000068ae5a N 
000000000068ae5a N 
000000000068ae5a N 
000000000068ae5a N 
000000000068ae5a N 
000000000068ae5a N 
000000000068ae5a N 
000000000068ae5a N 
000000000068ae5a N 
000000000068ae5a N 
000000000068ae5a N 
000000000068ae5a N 
000000000068ae5a N 
000000000068ae5a N 
000000000068ae5a N 
000000000068ae5a N 
000000000068ae5a N 
000000000068ae5a N 
000000000068ae5a N 
000000000068ae5a N 
000000000068ae5a N 
000000000068ae5a N 
000000000068ae5a N 
000000000068ae5a N 
000000000068ae5a N 
000000000068ae5a W sf_hipc_server_manager.cpp.36bd4664
00000000006ed02d N 
00000000006ed02d N 
00000000006ed02d N 
00000000006ed02d N 
00000000006ed02d N 
00000000006ed02d N 
00000000006ed02d N 
00000000006ed02d N 
00000000006ed02d N 
00000000006ed02d N 
00000000006ed02d N 
00000000006ed02d N 
00000000006ed02d N 
00000000006ed02d N 
00000000006ed02d N 
00000000006ed02d N 
00000000006ed02d N 
00000000006ed02d N 
00000000006ed02d N 
00000000006ed02d N 
00000000006ed02d N 
00000000006ed02d N 
00000000006ed02d N 
00000000006ed02d N 
00000000006ed02d N 
00000000006ed02d N 
00000000006ed02d N 
00000000006ed02d N 
00000000006ed02d N 
00000000006ed02d N 
00000000006ed02d N 
00000000006ed02d N 
00000000006ed02d N 
00000000006ed02d N 
00000000006ed02d N 
00000000006ed02d N 
00000000006ed02d N 
00000000006ed02d N 
00000000006ed02d N 
00000000006ed02d N 
00000000006ed02d N 
00000000006ed02d N 
00000000006ed02d N 
00000000006ed02d N 
00000000006ed02d N 
00000000006ed02d N 
00000000006ed02d N 
00000000006ed02d N 
00000000006ed02d N 
00000000006ed02d N 
00000000006ed02d N 
00000000006ed02d N 
00000000006ed02d N 
00000000006ed02d N 
00000000006ed02d N 
00000000006ed02d N 
00000000006ed02d N 
00000000006ed02d N 
00000000006ed02d N 
00000000006ed02d N 
00000000006ed02d N 
00000000006ed02d N 
00000000006ed02d N 
00000000006ed02d N 
00000000006ed02d N 
00000000006ed02d N 
00000000006ed02d N 
00000000006ed02d N 
00000000006ed02d N 
00000000006ed02d N 
00000000006ed02d N 
00000000006ed02d N 
00000000006ed02d N 
00000000006ed02d N 
00000000006ed02d N 
00000000006ed02d N 
00000000006ed02d N 
00000000006ed02d N 
00000000006ed02d N 
00000000006ed02d N 
00000000006ed02d N 
00000000006ed02d N 
00000000006ed02d N 
00000000006ed02d N 
00000000006ed02d N 
00000000006ed02d N 
00000000006ed02d N 
00000000006ed02d N 
00000000006ed02d N 
00000000006ed02d N 
00000000006ed02d N 
00000000006ed02d N 
00000000006ed02d N 
00000000006ed02d N 
00000000006ed02d N 
00000000006ed02d N 
00000000006ed02d N 
00000000006ed02d N 
00000000006ed02d N 
00000000006ed02d N 
00000000006ed02d N 
00000000006ed02d N 
00000000006ed02d N 
00000000006ed02d W sf_hipc_server_domain_session_manager.cpp.b5638bcf
00000000007614fa N 
00000000007614fa N 
00000000007614fa N 
00000000007614fa N 
00000000007614fa N 
00000000007614fa N 
00000000007614fa N 
00000000007614fa N 
00000000007614fa N 
00000000007614fa N 
00000000007614fa N 
00000000007614fa N 
00000000007614fa N 
00000000007614fa N 
00000000007614fa N 
00000000007614fa N 
00000000007614fa N 
00000000007614fa N 
00000000007614fa N 
00000000007614fa N 
00000000007614fa N 
00000000007614fa N 
00000000007614fa N 
00000000007614fa N 
00000000007614fa N 
00000000007614fa N 
00000000007614fa N 
00000000007614fa N 
00000000007614fa N 
00000000007614fa N 
00000000007614fa N 
00000000007614fa N 
00000000007614fa N 
00000000007614fa N 
00000000007614fa N 
00000000007614fa N 
00000000007614fa N 
00000000007614fa N 
00000000007614fa N 
00000000007614fa N 
00000000007614fa N 
00000000007614fa N 
00000000007614fa N 
00000000007614fa N 
00000000007614fa N 
00000000007614fa N 
00000000007614fa N 
00000000007614fa N 
00000000007614fa N 
00000000007614fa N 
00000000007614fa N 
00000000007614fa N 
00000000007614fa N 
00000000007614fa N 
00000000007614fa N 
00000000007614fa N 
00000000007614fa N 
00000000007614fa N 
00000000007614fa N 
00000000007614fa N 
00000000007614fa N 
00000000007614fa N 
00000000007614fa N 
00000000007614fa N 
00000000007614fa N 
00000000007614fa N 
00000000007614fa N 
00000000007614fa N 
00000000007614fa N 
00000000007614fa W sf_hipc_mitm_query_api.cpp.29a7f3a9
00000000007ca9c0 N 
00000000007ca9c0 N 
00000000007ca9c0 N 
00000000007ca9c0 N 
00000000007ca9c0 N 
00000000007ca9c0 N 
00000000007ca9c0 N 
00000000007ca9c0 N 
00000000007ca9c0 N 
00000000007ca9c0 N 
00000000007ca9c0 N 
00000000007ca9c0 N 
00000000007ca9c0 N 
00000000007ca9c0 N 
00000000007ca9c0 N 
00000000007ca9c0 N 
00000000007ca9c0 N 
00000000007ca9c0 N 
00000000007ca9c0 N 
00000000007ca9c0 N 
00000000007ca9c0 N 
00000000007ca9c0 N 
00000000007ca9c0 N 
00000000007ca9c0 N 
00000000007ca9c0 N 
00000000007ca9c0 N 
00000000007ca9c0 N 
00000000007ca9c0 W sm_mitm_api.cpp.be806fec
0000000000828b4f N 
0000000000828b4f N 
0000000000828b4f N 
0000000000828b4f N 
0000000000828b4f N 
0000000000828b4f N 
0000000000828b4f N 
0000000000828b4f N 
0000000000828b4f N 
0000000000828b4f N 
0000000000828b4f N 
0000000000828b4f N 
0000000000828b4f N 
0000000000828b4f N 
0000000000828b4f N 
0000000000828b4f N 
0000000000828b4f N 
0000000000828b4f N 
0000000000828b4f N 
0000000000828b4f N 
0000000000828b4f N 
0000000000828b4f N 
0000000000828b4f N 
0000000000828b4f N 
0000000000828b4f N 
0000000000828b4f N 
0000000000828b4f W sm_api.cpp.115709d4
0000000000886b70 N 
0000000000886b70 N 
0000000000886b70 N 
0000000000886b70 N 
0000000000886b70 N 
0000000000886b70 N 
0000000000886b70 N 
0000000000886b70 N 
0000000000886b70 N 
0000000000886b70 N 
0000000000886b70 N 
0000000000886b70 N 
0000000000886b70 N 
0000000000886b70 N 
0000000000886b70 N 
0000000000886b70 N 
0000000000886b70 N 
0000000000886b70 W sm_utils.cpp.0fdadc14
00000000008e319f N 
00000000008e319f N 
00000000008e319f N 
00000000008e319f N 
00000000008e319f N 
00000000008e319f N 
00000000008e319f N 
00000000008e319f N 
00000000008e319f N 
00000000008e319f N 
00000000008e319f N 
00000000008e319f N 
00000000008e319f N 
00000000008e319f N 
00000000008e319f N 
00000000008e319f N 
00000000008e319f N 
00000000008e319f N 
00000000008e319f N 
00000000008e319f N 
00000000008e319f N 
00000000008e319f N 
00000000008e319f N 
00000000008e319f N 
00000000008e319f N 
00000000008e319f N 
00000000008e319f N 
00000000008e319f N 
00000000008e319f N 
00000000008e319f N 
00000000008e319f N 
00000000008e319f N 
00000000008e319f N 
00000000008e319f N 
00000000008e319f N 
00000000008e319f N 
00000000008e319f N 
00000000008e319f N 
00000000008e319f W spl_smc.cpp.e6ebe041
000000000094063f N 
000000000094063f N 
000000000094063f N 
000000000094063f N 
000000000094063f N 
000000000094063f N 
000000000094063f N 
000000000094063f N 
000000000094063f N 
000000000094063f N 
000000000094063f N 
000000000094063f N 
000000000094063f N 
000000000094063f N 
000000000094063f W sf_cmif_service_object_holder.cpp.18c3dd52
000000000099ca8e N 
000000000099ca8e N 
000000000099ca8e N 
000000000099ca8e N 
000000000099ca8e N 
000000000099ca8e N 
000000000099ca8e N 
000000000099ca8e N 
000000000099ca8e N 
000000000099ca8e N 
000000000099ca8e N 
000000000099ca8e N 
000000000099ca8e N 
000000000099ca8e N 
000000000099ca8e N 
000000000099ca8e N 
000000000099ca8e N 
000000000099ca8e N 
000000000099ca8e N 
000000000099ca8e N 
000000000099ca8e N 
000000000099ca8e N 
000000000099ca8e N 
000000000099ca8e N 
000000000099ca8e N 
000000000099ca8e N 
000000000099ca8e N 
000000000099ca8e N 
000000000099ca8e N 
000000000099ca8e N 
000000000099ca8e N 
000000000099ca8e N 
000000000099ca8e N 
000000000099ca8e N 
000000000099ca8e N 
000000000099ca8e N 
000000000099ca8e N 
000000000099ca8e N 
000000000099ca8e N 
000000000099ca8e N 
000000000099ca8e W sf_cmif_domain_service_object.cpp.6c4ecff6
00000000009fd583 N 
00000000009fd583 N 
00000000009fd583 N 
00000000009fd583 N 
00000000009fd583 N 
00000000009fd583 N 
00000000009fd583 N 
00000000009fd583 N 
00000000009fd583 N 
00000000009fd583 N 
00000000009fd583 N 
00000000009fd583 N 
00000000009fd583 N 
00000000009fd583 N 
00000000009fd583 N 
00000000009fd583 N 
00000000009fd583 N 
00000000009fd583 W sf_hipc_api.cpp.3a9c41c1
